[0227/161838:INFO:user_input_monitor_win.cc(168)] RegisterRawInputDevices() failed for RIDEV_REMOVE: The parameter is incorrect. (0x57)
[0227/161842:ERROR:audio_output_device.cc(369)] IO loop going away before the audio device has been stopped
[0227/161842:ERROR:audio_input_device.cc(269)] IO loop going away before the input device has been stopped
[0227/163741.322:ERROR:audio_output_device.cc(425)] IO loop going away before the audio device has been stopped
[0227/163756.015:INFO:user_input_monitor_win.cc(171)] RegisterRawInputDevices() failed for RIDEV_REMOVE: The parameter is incorrect. (0x57)
[0227/163812.534:INFO:user_input_monitor_win.cc(171)] RegisterRawInputDevices() failed for RIDEV_REMOVE: The parameter is incorrect. (0x57)
[0227/163816.970:ERROR:audio_output_device.cc(425)] IO loop going away before the audio device has been stopped
[0227/165104.252:ERROR:audio_output_device.cc(425)] IO loop going away before the audio device has been stopped
[0227/165741.013:ERROR:audio_output_device.cc(425)] IO loop going away before the audio device has been stopped
[0227/170132.406:ERROR:audio_output_device.cc(425)] IO loop going away before the audio device has been stopped
[0227/170431.307:ERROR:audio_output_device.cc(425)] IO loop going away before the audio device has been stopped
[0227/170436.887:ERROR:audio_output_device.cc(425)] IO loop going away before the audio device has been stopped
[0227/170438.201:INFO:user_input_monitor_win.cc(171)] RegisterRawInputDevices() failed for RIDEV_REMOVE: The parameter is incorrect. (0x57)
[0227/170449.972:INFO:user_input_monitor_win.cc(171)] RegisterRawInputDevices() failed for RIDEV_REMOVE: The parameter is incorrect. (0x57)
[0227/170452.622:ERROR:audio_output_device.cc(425)] IO loop going away before the audio device has been stopped
[0227/170453.974:INFO:user_input_monitor_win.cc(171)] RegisterRawInputDevices() failed for RIDEV_REMOVE: The parameter is incorrect. (0x57)
[0227/170505.326:ERROR:audio_output_device.cc(425)] IO loop going away before the audio device has been stopped
[0227/170506.672:INFO:user_input_monitor_win.cc(171)] RegisterRawInputDevices() failed for RIDEV_REMOVE: The parameter is incorrect. (0x57)
[0919/194911.353:INFO:child_thread_impl.cc(882)] ChildThreadImpl::EnsureConnected()
[0919/194911.353:INFO:child_thread_impl.cc(882)] ChildThreadImpl::EnsureConnected()
[0919/194911.353:INFO:child_thread_impl.cc(882)] ChildThreadImpl::EnsureConnected()
[0919/194911.353:INFO:child_thread_impl.cc(882)] ChildThreadImpl::EnsureConnected()
[0919/194911.353:INFO:child_thread_impl.cc(882)] ChildThreadImpl::EnsureConnected()
[0919/194911.353:INFO:child_thread_impl.cc(882)] ChildThreadImpl::EnsureConnected()
[0919/195031.992:WARNING:spdy_session.cc(2224)] Received HEADERS for invalid stream 13
[0919/195139.298:WARNING:spdy_session.cc(2224)] Received HEADERS for invalid stream 7
[0919/195139.402:WARNING:spdy_session.cc(2224)] Received HEADERS for invalid stream 9
[0919/195139.504:WARNING:spdy_session.cc(2224)] Received HEADERS for invalid stream 11
[0919/195143.580:WARNING:spdy_session.cc(2224)] Received HEADERS for invalid stream 21
[0919/200114.409:WARNING:spdy_session.cc(2224)] Received HEADERS for invalid stream 17
[0919/200659.416:WARNING:spdy_session.cc(2224)] Received HEADERS for invalid stream 3
[0919/203231.735:INFO:child_thread_impl.cc(882)] ChildThreadImpl::EnsureConnected()
[0919/203236.470:INFO:child_thread_impl.cc(882)] ChildThreadImpl::EnsureConnected()
[0919/203239.058:INFO:child_thread_impl.cc(882)] ChildThreadImpl::EnsureConnected()
[0919/203239.061:INFO:child_thread_impl.cc(882)] ChildThreadImpl::EnsureConnected()
[0919/203239.057:INFO:child_thread_impl.cc(882)] ChildThreadImpl::EnsureConnected()
[0919/203239.581:INFO:child_thread_impl.cc(882)] ChildThreadImpl::EnsureConnected()
[0919/203239.596:INFO:child_thread_impl.cc(882)] ChildThreadImpl::EnsureConnected()
[0919/203239.057:INFO:child_thread_impl.cc(882)] ChildThreadImpl::EnsureConnected()
[0919/203239.057:INFO:child_thread_impl.cc(882)] ChildThreadImpl::EnsureConnected()
[0919/210751.189:WARNING:render_frame_host_impl.cc(2125)] OnDidStopLoading was called twice.
[0919/210751.205:WARNING:render_frame_host_impl.cc(2125)] OnDidStopLoading was called twice.
[0919/210751.211:WARNING:render_frame_host_impl.cc(2125)] OnDidStopLoading was called twice.
[0919/210751.222:WARNING:render_frame_host_impl.cc(2125)] OnDidStopLoading was called twice.
[0919/212121.611:WARNING:spdy_session.cc(2224)] Received HEADERS for invalid stream 7
[0919/212121.622:WARNING:spdy_session.cc(2224)] Received HEADERS for invalid stream 5
[0919/212121.636:WARNING:spdy_session.cc(2224)] Received HEADERS for invalid stream 9
[0919/212128.841:WARNING:spdy_session.cc(2224)] Received HEADERS for invalid stream 9
[0919/212128.841:WARNING:spdy_session.cc(2224)] Received HEADERS for invalid stream 7
[0919/212128.851:WARNING:spdy_session.cc(2224)] Received HEADERS for invalid stream 5
[0919/222545.601:ERROR:browser_host_impl.cc(1548)] Invalid URL passed to CefBrowserHostImpl::LoadURL: 
[0919/222545.637:ERROR:browser_host_impl.cc(1548)] Invalid URL passed to CefBrowserHostImpl::LoadURL: 
[0919/222545.788:ERROR:browser_host_impl.cc(1548)] Invalid URL passed to CefBrowserHostImpl::LoadURL: 
[0919/222547.099:ERROR:browser_host_impl.cc(1548)] Invalid URL passed to CefBrowserHostImpl::LoadURL: 
[0919/222548.693:ERROR:browser_host_impl.cc(1548)] Invalid URL passed to CefBrowserHostImpl::LoadURL: 
[0919/222616.349:ERROR:browser_host_impl.cc(1548)] Invalid URL passed to CefBrowserHostImpl::LoadURL: 
[0919/222616.950:ERROR:browser_host_impl.cc(1548)] Invalid URL passed to CefBrowserHostImpl::LoadURL: 
[0919/222617.019:ERROR:browser_host_impl.cc(1548)] Invalid URL passed to CefBrowserHostImpl::LoadURL: 
[0919/222617.167:ERROR:browser_host_impl.cc(1548)] Invalid URL passed to CefBrowserHostImpl::LoadURL: 
[0919/222617.518:ERROR:browser_host_impl.cc(1548)] Invalid URL passed to CefBrowserHostImpl::LoadURL: 
[0919/222617.901:ERROR:browser_host_impl.cc(1548)] Invalid URL passed to CefBrowserHostImpl::LoadURL: 
[0919/222619.509:ERROR:browser_host_impl.cc(1548)] Invalid URL passed to CefBrowserHostImpl::LoadURL: 
[0919/222619.807:ERROR:browser_host_impl.cc(1548)] Invalid URL passed to CefBrowserHostImpl::LoadURL: 
[0919/222619.940:ERROR:browser_host_impl.cc(1548)] Invalid URL passed to CefBrowserHostImpl::LoadURL: 
[0919/222620.088:ERROR:browser_host_impl.cc(1548)] Invalid URL passed to CefBrowserHostImpl::LoadURL: 
[0919/222620.837:ERROR:browser_host_impl.cc(1548)] Invalid URL passed to CefBrowserHostImpl::LoadURL: 
[0919/222621.003:ERROR:browser_host_impl.cc(1548)] Invalid URL passed to CefBrowserHostImpl::LoadURL: 
[0919/222621.136:ERROR:browser_host_impl.cc(1548)] Invalid URL passed to CefBrowserHostImpl::LoadURL: 
[0919/222636.348:ERROR:browser_host_impl.cc(1548)] Invalid URL passed to CefBrowserHostImpl::LoadURL: 
[0920/113331.642:ERROR:broker_win.cc(59)] Error reading broker pipe: The pipe has been ended. (0x6D)
[0920/120601.861:ERROR:broker_win.cc(59)] Error reading broker pipe: The pipe has been ended. (0x6D)
[0920/120733.610:WARNING:dns_config_service_win.cc(661)] Failed to read DnsConfig.
[0920/120738.621:WARNING:dns_config_service_win.cc(661)] Failed to read DnsConfig.
[0920/120743.631:WARNING:dns_config_service_win.cc(661)] Failed to read DnsConfig.
[0920/120748.639:WARNING:dns_config_service_win.cc(661)] Failed to read DnsConfig.
[0920/120753.650:WARNING:dns_config_service_win.cc(661)] Failed to read DnsConfig.
[0920/122227.624:WARNING:dns_config_service_win.cc(661)] Failed to read DnsConfig.
[0920/122433.933:WARNING:dns_config_service_win.cc(661)] Failed to read DnsConfig.
[0920/122438.939:WARNING:dns_config_service_win.cc(661)] Failed to read DnsConfig.
[0920/122443.946:WARNING:dns_config_service_win.cc(661)] Failed to read DnsConfig.
[0920/122456.301:WARNING:dns_config_service_win.cc(661)] Failed to read DnsConfig.
[0920/122501.306:WARNING:dns_config_service_win.cc(661)] Failed to read DnsConfig.
[0920/122506.312:WARNING:dns_config_service_win.cc(661)] Failed to read DnsConfig.
[0920/122624.518:WARNING:dns_config_service_win.cc(661)] Failed to read DnsConfig.
[0920/122629.531:WARNING:dns_config_service_win.cc(661)] Failed to read DnsConfig.
[0920/122634.539:WARNING:dns_config_service_win.cc(661)] Failed to read DnsConfig.
[0920/123453.913:WARNING:dns_config_service_win.cc(661)] Failed to read DnsConfig.
[0920/123458.919:WARNING:dns_config_service_win.cc(661)] Failed to read DnsConfig.
[0920/123503.931:WARNING:dns_config_service_win.cc(661)] Failed to read DnsConfig.
[0920/123815.485:WARNING:dns_config_service_win.cc(661)] Failed to read DnsConfig.
[0920/123820.493:WARNING:dns_config_service_win.cc(661)] Failed to read DnsConfig.
[0920/123825.505:WARNING:dns_config_service_win.cc(661)] Failed to read DnsConfig.
[0920/123830.512:WARNING:dns_config_service_win.cc(661)] Failed to read DnsConfig.
[0920/123835.521:WARNING:dns_config_service_win.cc(661)] Failed to read DnsConfig.
[0920/123840.536:WARNING:dns_config_service_win.cc(661)] Failed to read DnsConfig.
[0920/123845.541:WARNING:dns_config_service_win.cc(661)] Failed to read DnsConfig.
[0920/123850.553:WARNING:dns_config_service_win.cc(661)] Failed to read DnsConfig.
[0920/123855.563:WARNING:dns_config_service_win.cc(661)] Failed to read DnsConfig.
[0920/123900.607:WARNING:dns_config_service_win.cc(661)] Failed to read DnsConfig.
[0920/123905.633:WARNING:dns_config_service_win.cc(661)] Failed to read DnsConfig.
[0920/123910.672:WARNING:dns_config_service_win.cc(661)] Failed to read DnsConfig.
[0920/123915.680:WARNING:dns_config_service_win.cc(661)] Failed to read DnsConfig.
[0920/123920.692:WARNING:dns_config_service_win.cc(661)] Failed to read DnsConfig.
[0920/123925.697:WARNING:dns_config_service_win.cc(661)] Failed to read DnsConfig.
[0920/123930.704:WARNING:dns_config_service_win.cc(661)] Failed to read DnsConfig.
[0920/123935.717:WARNING:dns_config_service_win.cc(661)] Failed to read DnsConfig.
[0920/124007.528:WARNING:dns_config_service_win.cc(661)] Failed to read DnsConfig.
[0920/124012.533:WARNING:dns_config_service_win.cc(661)] Failed to read DnsConfig.
[0920/124017.541:WARNING:dns_config_service_win.cc(661)] Failed to read DnsConfig.
[0920/124022.555:WARNING:dns_config_service_win.cc(661)] Failed to read DnsConfig.
[0920/124027.560:WARNING:dns_config_service_win.cc(661)] Failed to read DnsConfig.
[0920/125231.501:WARNING:dns_config_service_win.cc(661)] Failed to read DnsConfig.
[0920/125236.510:WARNING:dns_config_service_win.cc(661)] Failed to read DnsConfig.
[0920/125241.522:WARNING:dns_config_service_win.cc(661)] Failed to read DnsConfig.
[0920/125246.535:WARNING:dns_config_service_win.cc(661)] Failed to read DnsConfig.
[0920/125321.901:WARNING:dns_config_service_win.cc(661)] Failed to read DnsConfig.
[0920/125326.910:WARNING:dns_config_service_win.cc(661)] Failed to read DnsConfig.
[0920/125350.572:WARNING:dns_config_service_win.cc(661)] Failed to read DnsConfig.
[0920/125355.583:WARNING:dns_config_service_win.cc(661)] Failed to read DnsConfig.
[0920/125400.595:WARNING:dns_config_service_win.cc(661)] Failed to read DnsConfig.
[0920/125405.616:WARNING:dns_config_service_win.cc(661)] Failed to read DnsConfig.
[0920/125410.625:WARNING:dns_config_service_win.cc(661)] Failed to read DnsConfig.
[0920/125415.631:WARNING:dns_config_service_win.cc(661)] Failed to read DnsConfig.
[0920/125420.643:WARNING:dns_config_service_win.cc(661)] Failed to read DnsConfig.
[0920/125425.658:WARNING:dns_config_service_win.cc(661)] Failed to read DnsConfig.
[0920/125430.668:WARNING:dns_config_service_win.cc(661)] Failed to read DnsConfig.
[0920/125435.673:WARNING:dns_config_service_win.cc(661)] Failed to read DnsConfig.
[0920/125440.726:WARNING:dns_config_service_win.cc(661)] Failed to read DnsConfig.
[0920/125445.750:WARNING:dns_config_service_win.cc(661)] Failed to read DnsConfig.
[0920/125450.777:WARNING:dns_config_service_win.cc(661)] Failed to read DnsConfig.
[0920/144401.537:WARNING:spdy_session.cc(2224)] Received HEADERS for invalid stream 9
[0920/145037.532:WARNING:spdy_session.cc(2224)] Received HEADERS for invalid stream 1
[0920/145302.507:ERROR:browser_host_impl.cc(1548)] Invalid URL passed to CefBrowserHostImpl::LoadURL: 
[0920/170530.477:ERROR:ssl_client_socket_impl.cc(1101)] handshake failed; returned -1, SSL error code 1, net_error -100
[0920/171212.152:WARNING:dns_config_service_win.cc(661)] Failed to read DnsConfig.
[0920/171217.204:WARNING:dns_config_service_win.cc(661)] Failed to read DnsConfig.
[0920/171222.216:WARNING:dns_config_service_win.cc(661)] Failed to read DnsConfig.
[0920/171227.316:WARNING:dns_config_service_win.cc(661)] Failed to read DnsConfig.
[0920/171232.354:WARNING:dns_config_service_win.cc(661)] Failed to read DnsConfig.
[0920/171237.369:WARNING:dns_config_service_win.cc(661)] Failed to read DnsConfig.
[0920/172503.641:WARNING:spdy_session.cc(2224)] Received HEADERS for invalid stream 1
[0920/181714.431:ERROR:broker_win.cc(59)] Error reading broker pipe: The pipe has been ended. (0x6D)
[0921/194815.566:ERROR:broker_win.cc(59)] Error reading broker pipe: The pipe has been ended. (0x6D)
[0921/194815.571:ERROR:broker_win.cc(59)] Error reading broker pipe: The pipe has been ended. (0x6D)
[0921/194815.557:ERROR:broker_win.cc(59)] Error reading broker pipe: The pipe has been ended. (0x6D)
[0921/194815.560:ERROR:broker_win.cc(59)] Error reading broker pipe: The pipe has been ended. (0x6D)
[0921/194815.559:ERROR:broker_win.cc(59)] Error reading broker pipe: The pipe has been ended. (0x6D)
[0921/194815.958:ERROR:broker_win.cc(59)] Error reading broker pipe: The pipe has been ended. (0x6D)
[0921/194815.568:ERROR:broker_win.cc(59)] Error reading broker pipe: The pipe has been ended. (0x6D)
[0921/194815.569:ERROR:broker_win.cc(59)] Error reading broker pipe: The pipe has been ended. (0x6D)
[0921/194815.557:ERROR:broker_win.cc(59)] Error reading broker pipe: The pipe has been ended. (0x6D)
